<?xml version='1.0' encoding='UTF-8'?>
<testsuite hostname="calebdta" name="ArraysAndHashing" tests="4" errors="0" failures="0" skipped="0" time="0.007" timestamp="2022-04-27T13:19:48">
          <properties>
[...]
</properties>
          <testcase classname="ArraysAndHashing" name="217 - Contains Duplicates should Report false on the empty array" time="0.005">
                      
                    </testcase><testcase classname="ArraysAndHashing" name="217 - Contains Duplicates should Be False on the array containing 0 - 100 inclusive" time="0.001">
                      
                    </testcase><testcase classname="ArraysAndHashing" name="217 - Contains Duplicates should Be True for an array containing a single duplicate" time="0.0">
                      
                    </testcase><testcase classname="ArraysAndHashing" name="217 - Contains Duplicates should Be true for multiple duplicates" time="0.001">
                      
                    </testcase>
          <system-out><![CDATA[]]></system-out>
          <system-err><![CDATA[]]></system-err>
        </testsuite>