[0m[[0m[31merror[0m] [0m[0mjava.lang.IllegalArgumentException: Unable to load class: ArraysAndHashing[0m
[0m[[0m[31merror[0m] [0m[0m	at org.scalatest.tools.Framework$ScalaTestTask.loadSuiteClass(Framework.scala:408)[0m
[0m[[0m[31merror[0m] [0m[0m	at org.scalatest.tools.Framework$ScalaTestTask.suiteClass(Framework.scala:412)[0m
[0m[[0m[31merror[0m] [0m[0m	at org.scalatest.tools.Framework$ScalaTestTask.accessible(Framework.scala:413)[0m
[0m[[0m[31merror[0m] [0m[0m	at org.scalatest.tools.Framework$ScalaTestTask.shouldDiscover(Framework.scala:416)[0m
[0m[[0m[31merror[0m] [0m[0m	at org.scalatest.tools.Framework.org$scalatest$tools$Framework$ScalaTestRunner$$_$tasks$$anonfun$1(Framework.scala:748)[0m
[0m[[0m[31merror[0m] [0m[0m	at scala.collection.ArrayOps$WithFilter.map(ArrayOps.scala:90)[0m
[0m[[0m[31merror[0m] [0m[0m	at org.scalatest.tools.Framework$ScalaTestRunner.tasks(Framework.scala:749)[0m
[0m[[0m[31merror[0m] [0m[0m	at sbt.TestRunner.tasks(TestFramework.scala:114)[0m
[0m[[0m[31merror[0m] [0m[0m	at sbt.TestFramework$.$anonfun$createTestTasks$4(TestFramework.scala:270)[0m
[0m[[0m[31merror[0m] [0m[0m	at sbt.TestFramework$.sbt$TestFramework$$withContextLoader(TestFramework.scala:284)[0m
[0m[[0m[31merror[0m] [0m[0m	at sbt.TestFramework$.$anonfun$createTestTasks$3(TestFramework.scala:270)[0m
[0m[[0m[31merror[0m] [0m[0m	at sbt.TestFramework$.$anonfun$createTestTasks$3$adapted(TestFramework.scala:267)[0m
[0m[[0m[31merror[0m] [0m[0m	at scala.collection.TraversableLike.$anonfun$flatMap$1(TraversableLike.scala:293)[0m
[0m[[0m[31merror[0m] [0m[0m	at scala.collection.Iterator.foreach(Iterator.scala:943)[0m
[0m[[0m[31merror[0m] [0m[0m	at scala.collection.Iterator.foreach$(Iterator.scala:943)[0m
[0m[[0m[31merror[0m] [0m[0m	at scala.collection.AbstractIterator.foreach(Iterator.scala:1431)[0m
[0m[[0m[31merror[0m] [0m[0m	at scala.collection.IterableLike.foreach(IterableLike.scala:74)[0m
[0m[[0m[31merror[0m] [0m[0m	at scala.collection.IterableLike.foreach$(IterableLike.scala:73)[0m
[0m[[0m[31merror[0m] [0m[0m	at scala.collection.AbstractIterable.foreach(Iterable.scala:56)[0m
[0m[[0m[31merror[0m] [0m[0m	at scala.collection.TraversableLike.flatMap(TraversableLike.scala:293)[0m
[0m[[0m[31merror[0m] [0m[0m	at scala.collection.TraversableLike.flatMap$(TraversableLike.scala:290)[0m
[0m[[0m[31merror[0m] [0m[0m	at scala.collection.AbstractTraversable.flatMap(Traversable.scala:108)[0m
[0m[[0m[31merror[0m] [0m[0m	at sbt.TestFramework$.createTestTasks(TestFramework.scala:267)[0m
[0m[[0m[31merror[0m] [0m[0m	at sbt.TestFramework$.testTasks(TestFramework.scala:225)[0m
[0m[[0m[31merror[0m] [0m[0m	at sbt.Tests$.testTask(Tests.scala:357)[0m
[0m[[0m[31merror[0m] [0m[0m	at sbt.Tests$.apply(Tests.scala:324)[0m
[0m[[0m[31merror[0m] [0m[0m	at sbt.Defaults$.$anonfun$allTestGroupsTask$6(Defaults.scala:1574)[0m
[0m[[0m[31merror[0m] [0m[0m	at scala.collection.immutable.List.map(List.scala:293)[0m
[0m[[0m[31merror[0m] [0m[0m	at sbt.Defaults$.allTestGroupsTask(Defaults.scala:1549)[0m
[0m[[0m[31merror[0m] [0m[0m	at sbt.Defaults$.$anonfun$testTasks$10(Defaults.scala:1255)[0m
[0m[[0m[31merror[0m] [0m[0m	at scala.Function1.$anonfun$compose$1(Function1.scala:49)[0m
[0m[[0m[31merror[0m] [0m[0m	at sbt.internal.util.$tilde$greater.$anonfun$$u2219$1(TypeFunctions.scala:62)[0m
[0m[[0m[31merror[0m] [0m[0m	at sbt.std.Transform$$anon$4.work(Transform.scala:68)[0m
[0m[[0m[31merror[0m] [0m[0m	at sbt.Execute.$anonfun$submit$2(Execute.scala:282)[0m
[0m[[0m[31merror[0m] [0m[0m	at sbt.internal.util.ErrorHandling$.wideConvert(ErrorHandling.scala:23)[0m
[0m[[0m[31merror[0m] [0m[0m	at sbt.Execute.work(Execute.scala:291)[0m
[0m[[0m[31merror[0m] [0m[0m	at sbt.Execute.$anonfun$submit$1(Execute.scala:282)[0m
[0m[[0m[31merror[0m] [0m[0m	at sbt.ConcurrentRestrictions$$anon$4.$anonfun$submitValid$1(ConcurrentRestrictions.scala:265)[0m
[0m[[0m[31merror[0m] [0m[0m	at sbt.CompletionService$$anon$2.call(CompletionService.scala:64)[0m
[0m[[0m[31merror[0m] [0m[0m	at java.base/java.util.concurrent.FutureTask.run(FutureTask.java:264)[0m
[0m[[0m[31merror[0m] [0m[0m	at java.base/java.util.concurrent.Executors$RunnableAdapter.call(Executors.java:539)[0m
[0m[[0m[31merror[0m] [0m[0m	at java.base/java.util.concurrent.FutureTask.run(FutureTask.java:264)[0m
[0m[[0m[31merror[0m] [0m[0m	at java.base/java.util.concurrent.ThreadPoolExecutor.runWorker(ThreadPoolExecutor.java:1136)[0m
[0m[[0m[31merror[0m] [0m[0m	at java.base/java.util.concurrent.ThreadPoolExecutor$Worker.run(ThreadPoolExecutor.java:635)[0m
[0m[[0m[31merror[0m] [0m[0m	at java.base/java.lang.Thread.run(Thread.java:833)[0m
[0m[[0m[31merror[0m] [0m[0m(Test / [31mexecuteTests[0m) java.lang.IllegalArgumentException: Unable to load class: ArraysAndHashing[0m
